<?xml version="1.0" encoding="UTF-8"?>
<testsuite name="pgdp.RecursivePingulogyTest" tests="1" skipped="0" failures="0" errors="0" timestamp="2022-11-18T14:04:24" hostname="MacBook-Air.fritz.box" time="0.007">
  <properties/>
  <testcase name="Beispiel Artemis" classname="pgdp.RecursivePingulogyTest" time="0.007"/>
  <system-out><![CDATA[]]></system-out>
  <system-err><![CDATA[]]></system-err>
</testsuite>
