<?xml version="1.0" encoding="UTF-8"?>
<testsuite name="pgdp.QuantitiesTest" tests="4" skipped="0" failures="0" errors="0" timestamp="2022-11-09T16:15:43" hostname="MacBook-Air.fritz.box" time="0.023">
  <properties/>
  <testcase name="Empty array" classname="pgdp.QuantitiesTest" time="0.006"/>
  <testcase name="Unique elements" classname="pgdp.QuantitiesTest" time="0.001"/>
  <testcase name="[1] [1, 1, 2, 1, 3, 2, 1], [[1, 4], [2, 2], [3, 1]]" classname="pgdp.QuantitiesTest" time="0.005"/>
  <testcase name="[2] [2, 0, 3, 0, 2, 5, 5, 3, 2, 0, 0, 0], [[2, 3], [0, 5], [3, 2], [5, 2]]" classname="pgdp.QuantitiesTest" time="0.0"/>
  <system-out><![CDATA[]]></system-out>
  <system-err><![CDATA[]]></system-err>
</testsuite>
